<?xml version="1.0" encoding="UTF-8"?>
<testsuite name="xik.ShoppingMall.Service.MemberServiceTest" tests="1" skipped="0" failures="0" errors="0" timestamp="2022-07-03T07:46:37" hostname="bagseongjun-ui-MacBookPro.local" time="0.076">
  <properties/>
  <testcase name="duplicate_Test()" classname="xik.ShoppingMall.Service.MemberServiceTest" time="0.076"/>
  <system-out><![CDATA[]]></system-out>
  <system-err><![CDATA[]]></system-err>
</testsuite>
