<?xml version="1.0" encoding="UTF-8"?>
<testsuite name="xik.ShoppingMall.Service.MemberServiceIntegrationTest" tests="1" skipped="0" failures="0" errors="0" timestamp="2022-07-05T09:47:35" hostname="bagseongjun-ui-MacBookPro.local" time="0.624">
  <properties/>
  <testcase name="join()" classname="xik.ShoppingMall.Service.MemberServiceIntegrationTest" time="0.624"/>
  <system-out><![CDATA[18:47:30.680 [Test worker] DEBUG org.springframework.test.context.BootstrapUtils - Instantiating CacheAwareContextLoaderDelegate from class [org.springframework.test.context.cache.DefaultCacheAwareContextLoaderDelegate]
18:47:30.722 [Test worker] DEBUG org.springframework.test.context.BootstrapUtils - Instantiating BootstrapContext using constructor [public org.springframework.test.context.support.DefaultBootstrapContext(java.lang.Class,org.springframework.test.context.CacheAwareContextLoaderDelegate)]
18:47:30.775 [Test worker] DEBUG org.springframework.test.context.BootstrapUtils - Instantiating TestContextBootstrapper for test class [xik.ShoppingMall.Service.MemberServiceIntegrationTest] from class [org.springframework.boot.test.context.SpringBootTestContextBootstrapper]
18:47:30.786 [Test worker] INFO org.springframework.boot.test.context.SpringBootTestContextBootstrapper - Neither @ContextConfiguration nor @ContextHierarchy found for test class [xik.ShoppingMall.Service.MemberServiceIntegrationTest], using SpringBootContextLoader
18:47:30.791 [Test worker] DEBUG org.springframework.test.context.support.AbstractContextLoader - Did not detect default resource location for test class [xik.ShoppingMall.Service.MemberServiceIntegrationTest]: class path resource [xik/ShoppingMall/Service/MemberServiceIntegrationTest-context.xml] does not exist
18:47:30.792 [Test worker] DEBUG org.springframework.test.context.support.AbstractContextLoader - Did not detect default resource location for test class [xik.ShoppingMall.Service.MemberServiceIntegrationTest]: class path resource [xik/ShoppingMall/Service/MemberServiceIntegrationTestContext.groovy] does not exist
18:47:30.792 [Test worker] INFO org.springframework.test.context.support.AbstractContextLoader - Could not detect default resource locations for test class [xik.ShoppingMall.Service.MemberServiceIntegrationTest]: no resource found for suffixes {-context.xml, Context.groovy}.
18:47:30.793 [Test worker] INFO org.springframework.test.context.support.AnnotationConfigContextLoaderUtils - Could not detect default configuration classes for test class [xik.ShoppingMall.Service.MemberServiceIntegrationTest]: MemberServiceIntegrationTest does not declare any static, non-private, non-final, nested classes annotated with @Configuration.
18:47:30.855 [Test worker] DEBUG org.springframework.test.context.support.ActiveProfilesUtils - Could not find an 'annotation declaring class' for annotation type [org.springframework.test.context.ActiveProfiles] and class [xik.ShoppingMall.Service.MemberServiceIntegrationTest]
18:47:30.966 [Test worker] DEBUG org.springframework.context.annotation.ClassPathScanningCandidateComponentProvider - Identified candidate component class: file [/Users/parksungjun/Desktop/창업동아리/ShoppingMall/build/classes/java/main/xik/ShoppingMall/ShoppingMallApplication.class]
18:47:30.972 [Test worker] INFO org.springframework.boot.test.context.SpringBootTestContextBootstrapper - Found @SpringBootConfiguration xik.ShoppingMall.ShoppingMallApplication for test class xik.ShoppingMall.Service.MemberServiceIntegrationTest
18:47:31.116 [Test worker] DEBUG org.springframework.boot.test.context.SpringBootTestContextBootstrapper - @TestExecutionListeners is not present for class [xik.ShoppingMall.Service.MemberServiceIntegrationTest]: using defaults.
18:47:31.118 [Test worker] INFO org.springframework.boot.test.context.SpringBootTestContextBootstrapper - Loaded default TestExecutionListener class names from location [META-INF/spring.factories]: [org.springframework.security.test.context.support.WithSecurityContextTestExecutionListener, org.springframework.security.test.context.support.ReactorContextTestExecutionListener, org.springframework.boot.test.autoconfigure.restdocs.RestDocsTestExecutionListener, org.springframework.boot.test.autoconfigure.web.client.MockRestServiceServerResetTestExecutionListener, org.springframework.boot.test.autoconfigure.web.servlet.MockMvcPrintOnlyOnFailureTestExecutionListener, org.springframework.boot.test.autoconfigure.web.servlet.WebDriverTestExecutionListener, org.springframework.boot.test.autoconfigure.webservices.client.MockWebServiceServerTestExecutionListener, org.springframework.boot.test.mock.mockito.MockitoTestExecutionListener, org.springframework.boot.test.mock.mockito.ResetMocksTestExecutionListener, org.springframework.test.context.web.ServletTestExecutionListener, org.springframework.test.context.support.DirtiesContextBeforeModesTestExecutionListener, org.springframework.test.context.event.ApplicationEventsTestExecutionListener, org.springframework.test.context.support.DependencyInjectionTestExecutionListener, org.springframework.test.context.support.DirtiesContextTestExecutionListener, org.springframework.test.context.transaction.TransactionalTestExecutionListener, org.springframework.test.context.jdbc.SqlScriptsTestExecutionListener, org.springframework.test.context.event.EventPublishingTestExecutionListener]
18:47:31.141 [Test worker] INFO org.springframework.boot.test.context.SpringBootTestContextBootstrapper - Using TestExecutionListeners: [org.springframework.test.context.web.ServletTestExecutionListener@1c807b1d, org.springframework.test.context.support.DirtiesContextBeforeModesTestExecutionListener@238b521e, org.springframework.test.context.event.ApplicationEventsTestExecutionListener@1b39fd82, org.springframework.boot.test.mock.mockito.MockitoTestExecutionListener@3e2fc448, org.springframework.boot.test.autoconfigure.SpringBootDependencyInjectionTestExecutionListener@21680803, org.springframework.test.context.support.DirtiesContextTestExecutionListener@588ab592, org.springframework.test.context.transaction.TransactionalTestExecutionListener@c8b96ec, org.springframework.test.context.jdbc.SqlScriptsTestExecutionListener@4cc61eb1, org.springframework.security.test.context.support.WithSecurityContextTestExecutionListener@2d8f2f3a, org.springframework.test.context.event.EventPublishingTestExecutionListener@2024293c, org.springframework.security.test.context.support.ReactorContextTestExecutionListener@7048f722, org.springframework.boot.test.autoconfigure.restdocs.RestDocsTestExecutionListener@c074c0c, org.springframework.boot.test.autoconfigure.web.client.MockRestServiceServerResetTestExecutionListener@58a55449, org.springframework.boot.test.autoconfigure.web.servlet.MockMvcPrintOnlyOnFailureTestExecutionListener@5949eba8, org.springframework.boot.test.autoconfigure.web.servlet.WebDriverTestExecutionListener@6e0ff644, org.springframework.boot.test.autoconfigure.webservices.client.MockWebServiceServerTestExecutionListener@58dea0a5, org.springframework.boot.test.mock.mockito.ResetMocksTestExecutionListener@2a2bb0eb]
18:47:31.144 [Test worker] DEBUG org.springframework.test.context.support.AbstractDirtiesContextTestExecutionListener - Before test class: context [DefaultTestContext@512d92b testClass = MemberServiceIntegrationTest, testInstance = [null], testMethod = [null], testException = [null], mergedContextConfiguration = [WebMergedContextConfiguration@62c5bbdc testClass = MemberServiceIntegrationTest, locations = '{}', classes = '{class xik.ShoppingMall.ShoppingMallApplication}', contextInitializerClasses = '[]', activeProfiles = '{}', propertySourceLocations = '{}', propertySourceProperties = '{org.springframework.boot.test.context.SpringBootTestContextBootstrapper=true}', contextCustomizers = set[org.springframework.boot.test.autoconfigure.actuate.metrics.MetricsExportContextCustomizerFactory$DisableMetricExportContextCustomizer@4044fb95, org.springframework.boot.test.autoconfigure.properties.PropertyMappingContextCustomizer@0, org.springframework.boot.test.autoconfigure.web.servlet.WebDriverContextCustomizerFactory$Customizer@16746061, org.springframework.boot.test.context.filter.ExcludeFilterContextCustomizer@5c8eee0f, org.springframework.boot.test.json.DuplicateJsonObjectContextCustomizerFactory$DuplicateJsonObjectContextCustomizer@56a4479a, org.springframework.boot.test.mock.mockito.MockitoContextCustomizer@0, org.springframework.boot.test.web.client.TestRestTemplateContextCustomizer@183e8023, org.springframework.boot.test.context.SpringBootTestArgs@1, org.springframework.boot.test.context.SpringBootTestWebEnvironment@36804139], resourceBasePath = 'src/main/webapp', contextLoader = 'org.springframework.boot.test.context.SpringBootContextLoader', parent = [null]], attributes = map['org.springframework.test.context.web.ServletTestExecutionListener.activateListener' -> true]], class annotated with @DirtiesContext [false] with mode [null].

  .   ____          _            __ _ _
 /\\ / ___'_ __ _ _(_)_ __  __ _ \ \ \ \
( ( )\___ | '_ | '_| | '_ \/ _` | \ \ \ \
 \\/  ___)| |_)| | | | | || (_| |  ) ) ) )
  '  |____| .__|_| |_|_| |_\__, | / / / /
 =========|_|==============|___/=/_/_/_/
 :: Spring Boot ::                (v2.7.1)

2022-07-05 18:47:31.995  INFO 35134 --- [    Test worker] x.S.S.MemberServiceIntegrationTest       : Starting MemberServiceIntegrationTest using Java 11.0.12 on bagseongjun-ui-MacBookPro.local with PID 35134 (started by parksungjun in /Users/parksungjun/Desktop/창업동아리/ShoppingMall)
2022-07-05 18:47:31.997  INFO 35134 --- [    Test worker] x.S.S.MemberServiceIntegrationTest       : No active profile set, falling back to 1 default profile: "default"
2022-07-05 18:47:34.442  INFO 35134 --- [    Test worker] o.s.b.a.w.s.WelcomePageHandlerMapping    : Adding welcome page: class path resource [static/index.html]
2022-07-05 18:47:35.035  INFO 35134 --- [    Test worker] x.S.S.MemberServiceIntegrationTest       : Started MemberServiceIntegrationTest in 3.834 seconds (JVM running for 5.599)
2022-07-05 18:47:35.084  INFO 35134 --- [    Test worker] com.zaxxer.hikari.HikariDataSource       : HikariPool-1 - Starting...
2022-07-05 18:47:35.181  INFO 35134 --- [    Test worker] com.zaxxer.hikari.HikariDataSource       : HikariPool-1 - Start completed.
2022-07-05 18:47:35.186  INFO 35134 --- [    Test worker] o.s.t.c.transaction.TransactionContext   : Began transaction (1) for test context [DefaultTestContext@512d92b testClass = MemberServiceIntegrationTest, testInstance = xik.ShoppingMall.Service.MemberServiceIntegrationTest@2fde9469, testMethod = join@MemberServiceIntegrationTest, testException = [null], mergedContextConfiguration = [WebMergedContextConfiguration@62c5bbdc testClass = MemberServiceIntegrationTest, locations = '{}', classes = '{class xik.ShoppingMall.ShoppingMallApplication}', contextInitializerClasses = '[]', activeProfiles = '{}', propertySourceLocations = '{}', propertySourceProperties = '{org.springframework.boot.test.context.SpringBootTestContextBootstrapper=true}', contextCustomizers = set[org.springframework.boot.test.autoconfigure.actuate.metrics.MetricsExportContextCustomizerFactory$DisableMetricExportContextCustomizer@4044fb95, org.springframework.boot.test.autoconfigure.properties.PropertyMappingContextCustomizer@0, org.springframework.boot.test.autoconfigure.web.servlet.WebDriverContextCustomizerFactory$Customizer@16746061, org.springframework.boot.test.context.filter.ExcludeFilterContextCustomizer@5c8eee0f, org.springframework.boot.test.json.DuplicateJsonObjectContextCustomizerFactory$DuplicateJsonObjectContextCustomizer@56a4479a, org.springframework.boot.test.mock.mockito.MockitoContextCustomizer@0, org.springframework.boot.test.web.client.TestRestTemplateContextCustomizer@183e8023, org.springframework.boot.test.context.SpringBootTestArgs@1, org.springframework.boot.test.context.SpringBootTestWebEnvironment@36804139], resourceBasePath = 'src/main/webapp', contextLoader = 'org.springframework.boot.test.context.SpringBootContextLoader', parent = [null]], attributes = map['org.springframework.test.context.web.ServletTestExecutionListener.activateListener' -> true, 'org.springframework.test.context.web.ServletTestExecutionListener.populatedRequestContextHolder' -> true, 'org.springframework.test.context.web.ServletTestExecutionListener.resetRequestContextHolder' -> true, 'org.springframework.test.context.event.ApplicationEventsTestExecutionListener.recordApplicationEvents' -> false]]; transaction manager [org.springframework.jdbc.support.JdbcTransactionManager@1ecf0ac6]; rollback [true]
2022-07-05 18:47:35.683  INFO 35134 --- [    Test worker] o.s.t.c.transaction.TransactionContext   : Rolled back transaction for test: [DefaultTestContext@512d92b testClass = MemberServiceIntegrationTest, testInstance = xik.ShoppingMall.Service.MemberServiceIntegrationTest@2fde9469, testMethod = join@MemberServiceIntegrationTest, testException = [null], mergedContextConfiguration = [WebMergedContextConfiguration@62c5bbdc testClass = MemberServiceIntegrationTest, locations = '{}', classes = '{class xik.ShoppingMall.ShoppingMallApplication}', contextInitializerClasses = '[]', activeProfiles = '{}', propertySourceLocations = '{}', propertySourceProperties = '{org.springframework.boot.test.context.SpringBootTestContextBootstrapper=true}', contextCustomizers = set[org.springframework.boot.test.autoconfigure.actuate.metrics.MetricsExportContextCustomizerFactory$DisableMetricExportContextCustomizer@4044fb95, org.springframework.boot.test.autoconfigure.properties.PropertyMappingContextCustomizer@0, org.springframework.boot.test.autoconfigure.web.servlet.WebDriverContextCustomizerFactory$Customizer@16746061, org.springframework.boot.test.context.filter.ExcludeFilterContextCustomizer@5c8eee0f, org.springframework.boot.test.json.DuplicateJsonObjectContextCustomizerFactory$DuplicateJsonObjectContextCustomizer@56a4479a, org.springframework.boot.test.mock.mockito.MockitoContextCustomizer@0, org.springframework.boot.test.web.client.TestRestTemplateContextCustomizer@183e8023, org.springframework.boot.test.context.SpringBootTestArgs@1, org.springframework.boot.test.context.SpringBootTestWebEnvironment@36804139], resourceBasePath = 'src/main/webapp', contextLoader = 'org.springframework.boot.test.context.SpringBootContextLoader', parent = [null]], attributes = map['org.springframework.test.context.web.ServletTestExecutionListener.activateListener' -> true, 'org.springframework.test.context.web.ServletTestExecutionListener.populatedRequestContextHolder' -> true, 'org.springframework.test.context.web.ServletTestExecutionListener.resetRequestContextHolder' -> true, 'org.springframework.test.context.event.ApplicationEventsTestExecutionListener.recordApplicationEvents' -> false]]
]]></system-out>
  <system-err><![CDATA[]]></system-err>
</testsuite>
