<?xml version="1.0" encoding="UTF-8"?>
<testsuite name="xik.ShoppingMall.Service.MemberServiceIntegrationTest" tests="1" skipped="0" failures="0" errors="0" timestamp="2022-07-05T10:28:34" hostname="bagseongjun-ui-MacBookPro.local" time="0.554">
  <properties/>
  <testcase name="join()" classname="xik.ShoppingMall.Service.MemberServiceIntegrationTest" time="0.554"/>
  <system-out><![CDATA[19:28:30.579 [Test worker] DEBUG org.springframework.test.context.BootstrapUtils - Instantiating CacheAwareContextLoaderDelegate from class [org.springframework.test.context.cache.DefaultCacheAwareContextLoaderDelegate]
19:28:30.586 [Test worker] DEBUG org.springframework.test.context.BootstrapUtils - Instantiating BootstrapContext using constructor [public org.springframework.test.context.support.DefaultBootstrapContext(java.lang.Class,org.springframework.test.context.CacheAwareContextLoaderDelegate)]
19:28:30.675 [Test worker] DEBUG org.springframework.test.context.BootstrapUtils - Instantiating TestContextBootstrapper for test class [xik.ShoppingMall.Service.MemberServiceIntegrationTest] from class [org.springframework.boot.test.context.SpringBootTestContextBootstrapper]
19:28:30.686 [Test worker] INFO org.springframework.boot.test.context.SpringBootTestContextBootstrapper - Neither @ContextConfiguration nor @ContextHierarchy found for test class [xik.ShoppingMall.Service.MemberServiceIntegrationTest], using SpringBootContextLoader
19:28:30.691 [Test worker] DEBUG org.springframework.test.context.support.AbstractContextLoader - Did not detect default resource location for test class [xik.ShoppingMall.Service.MemberServiceIntegrationTest]: class path resource [xik/ShoppingMall/Service/MemberServiceIntegrationTest-context.xml] does not exist
19:28:30.692 [Test worker] DEBUG org.springframework.test.context.support.AbstractContextLoader - Did not detect default resource location for test class [xik.ShoppingMall.Service.MemberServiceIntegrationTest]: class path resource [xik/ShoppingMall/Service/MemberServiceIntegrationTestContext.groovy] does not exist
19:28:30.692 [Test worker] INFO org.springframework.test.context.support.AbstractContextLoader - Could not detect default resource locations for test class [xik.ShoppingMall.Service.MemberServiceIntegrationTest]: no resource found for suffixes {-context.xml, Context.groovy}.
19:28:30.693 [Test worker] INFO org.springframework.test.context.support.AnnotationConfigContextLoaderUtils - Could not detect default configuration classes for test class [xik.ShoppingMall.Service.MemberServiceIntegrationTest]: MemberServiceIntegrationTest does not declare any static, non-private, non-final, nested classes annotated with @Configuration.
19:28:30.750 [Test worker] DEBUG org.springframework.test.context.support.ActiveProfilesUtils - Could not find an 'annotation declaring class' for annotation type [org.springframework.test.context.ActiveProfiles] and class [xik.ShoppingMall.Service.MemberServiceIntegrationTest]
19:28:30.859 [Test worker] DEBUG org.springframework.context.annotation.ClassPathScanningCandidateComponentProvider - Identified candidate component class: file [/Users/parksungjun/Desktop/창업동아리/ShoppingMall/build/classes/java/main/xik/ShoppingMall/ShoppingMallApplication.class]
19:28:30.872 [Test worker] INFO org.springframework.boot.test.context.SpringBootTestContextBootstrapper - Found @SpringBootConfiguration xik.ShoppingMall.ShoppingMallApplication for test class xik.ShoppingMall.Service.MemberServiceIntegrationTest
19:28:31.010 [Test worker] DEBUG org.springframework.boot.test.context.SpringBootTestContextBootstrapper - @TestExecutionListeners is not present for class [xik.ShoppingMall.Service.MemberServiceIntegrationTest]: using defaults.
19:28:31.012 [Test worker] INFO org.springframework.boot.test.context.SpringBootTestContextBootstrapper - Loaded default TestExecutionListener class names from location [META-INF/spring.factories]: [org.springframework.security.test.context.support.WithSecurityContextTestExecutionListener, org.springframework.security.test.context.support.ReactorContextTestExecutionListener, org.springframework.boot.test.autoconfigure.restdocs.RestDocsTestExecutionListener, org.springframework.boot.test.autoconfigure.web.client.MockRestServiceServerResetTestExecutionListener, org.springframework.boot.test.autoconfigure.web.servlet.MockMvcPrintOnlyOnFailureTestExecutionListener, org.springframework.boot.test.autoconfigure.web.servlet.WebDriverTestExecutionListener, org.springframework.boot.test.autoconfigure.webservices.client.MockWebServiceServerTestExecutionListener, org.springframework.boot.test.mock.mockito.MockitoTestExecutionListener, org.springframework.boot.test.mock.mockito.ResetMocksTestExecutionListener, org.springframework.test.context.web.ServletTestExecutionListener, org.springframework.test.context.support.DirtiesContextBeforeModesTestExecutionListener, org.springframework.test.context.event.ApplicationEventsTestExecutionListener, org.springframework.test.context.support.DependencyInjectionTestExecutionListener, org.springframework.test.context.support.DirtiesContextTestExecutionListener, org.springframework.test.context.transaction.TransactionalTestExecutionListener, org.springframework.test.context.jdbc.SqlScriptsTestExecutionListener, org.springframework.test.context.event.EventPublishingTestExecutionListener]
19:28:31.034 [Test worker] INFO org.springframework.boot.test.context.SpringBootTestContextBootstrapper - Using TestExecutionListeners: [org.springframework.test.context.web.ServletTestExecutionListener@324dcd31, org.springframework.test.context.support.DirtiesContextBeforeModesTestExecutionListener@503d56b5, org.springframework.test.context.event.ApplicationEventsTestExecutionListener@72bca894, org.springframework.boot.test.mock.mockito.MockitoTestExecutionListener@433ffad1, org.springframework.boot.test.autoconfigure.SpringBootDependencyInjectionTestExecutionListener@1fc793c2, org.springframework.test.context.support.DirtiesContextTestExecutionListener@2575f671, org.springframework.test.context.transaction.TransactionalTestExecutionListener@329a1243, org.springframework.test.context.jdbc.SqlScriptsTestExecutionListener@ecf9fb3, org.springframework.security.test.context.support.WithSecurityContextTestExecutionListener@2d35442b, org.springframework.test.context.event.EventPublishingTestExecutionListener@27f9e982, org.springframework.security.test.context.support.ReactorContextTestExecutionListener@4593ff34, org.springframework.boot.test.autoconfigure.restdocs.RestDocsTestExecutionListener@37d3d232, org.springframework.boot.test.autoconfigure.web.client.MockRestServiceServerResetTestExecutionListener@30c0ccff, org.springframework.boot.test.autoconfigure.web.servlet.MockMvcPrintOnlyOnFailureTestExecutionListener@581d969c, org.springframework.boot.test.autoconfigure.web.servlet.WebDriverTestExecutionListener@22db8f4, org.springframework.boot.test.autoconfigure.webservices.client.MockWebServiceServerTestExecutionListener@2b46a8c1, org.springframework.boot.test.mock.mockito.ResetMocksTestExecutionListener@1d572e62]
19:28:31.038 [Test worker] DEBUG org.springframework.test.context.support.AbstractDirtiesContextTestExecutionListener - Before test class: context [DefaultTestContext@58dea0a5 testClass = MemberServiceIntegrationTest, testInstance = [null], testMethod = [null], testException = [null], mergedContextConfiguration = [WebMergedContextConfiguration@2a2bb0eb testClass = MemberServiceIntegrationTest, locations = '{}', classes = '{class xik.ShoppingMall.ShoppingMallApplication}', contextInitializerClasses = '[]', activeProfiles = '{}', propertySourceLocations = '{}', propertySourceProperties = '{org.springframework.boot.test.context.SpringBootTestContextBootstrapper=true}', contextCustomizers = set[org.springframework.boot.test.autoconfigure.actuate.metrics.MetricsExportContextCustomizerFactory$DisableMetricExportContextCustomizer@57459491, org.springframework.boot.test.autoconfigure.properties.PropertyMappingContextCustomizer@0, org.springframework.boot.test.autoconfigure.web.servlet.WebDriverContextCustomizerFactory$Customizer@3f792b9b, org.springframework.boot.test.context.filter.ExcludeFilterContextCustomizer@1af146, org.springframework.boot.test.json.DuplicateJsonObjectContextCustomizerFactory$DuplicateJsonObjectContextCustomizer@fb9c7aa, org.springframework.boot.test.mock.mockito.MockitoContextCustomizer@0, org.springframework.boot.test.web.client.TestRestTemplateContextCustomizer@58c34bb3, org.springframework.boot.test.context.SpringBootTestArgs@1, org.springframework.boot.test.context.SpringBootTestWebEnvironment@2f67a4d3], resourceBasePath = 'src/main/webapp', contextLoader = 'org.springframework.boot.test.context.SpringBootContextLoader', parent = [null]], attributes = map['org.springframework.test.context.web.ServletTestExecutionListener.activateListener' -> true]], class annotated with @DirtiesContext [false] with mode [null].

  .   ____          _            __ _ _
 /\\ / ___'_ __ _ _(_)_ __  __ _ \ \ \ \
( ( )\___ | '_ | '_| | '_ \/ _` | \ \ \ \
 \\/  ___)| |_)| | | | | || (_| |  ) ) ) )
  '  |____| .__|_| |_|_| |_\__, | / / / /
 =========|_|==============|___/=/_/_/_/
 :: Spring Boot ::                (v2.7.1)

2022-07-05 19:28:31.550  INFO 58049 --- [    Test worker] x.S.S.MemberServiceIntegrationTest       : Starting MemberServiceIntegrationTest using Java 11.0.12 on bagseongjun-ui-MacBookPro.local with PID 58049 (started by parksungjun in /Users/parksungjun/Desktop/창업동아리/ShoppingMall)
2022-07-05 19:28:31.554  INFO 58049 --- [    Test worker] x.S.S.MemberServiceIntegrationTest       : No active profile set, falling back to 1 default profile: "default"
2022-07-05 19:28:34.169  INFO 58049 --- [    Test worker] o.s.b.a.w.s.WelcomePageHandlerMapping    : Adding welcome page: class path resource [static/index.html]
2022-07-05 19:28:34.897  INFO 58049 --- [    Test worker] x.S.S.MemberServiceIntegrationTest       : Started MemberServiceIntegrationTest in 3.81 seconds (JVM running for 5.561)
2022-07-05 19:28:35.295  INFO 58049 --- [    Test worker] com.zaxxer.hikari.HikariDataSource       : HikariPool-1 - Starting...
2022-07-05 19:28:35.395  INFO 58049 --- [    Test worker] com.zaxxer.hikari.HikariDataSource       : HikariPool-1 - Start completed.
]]></system-out>
  <system-err><![CDATA[]]></system-err>
</testsuite>
