<?xml version="1.0" encoding="UTF-8"?>
<testsuite name="xik.ShoppingMall.Service.MemberServiceTest" tests="1" skipped="0" failures="0" errors="0" timestamp="2022-07-03T05:20:32" hostname="bagseongjun-ui-MacBookPro.local" time="0.073">
  <properties/>
  <testcase name="join()" classname="xik.ShoppingMall.Service.MemberServiceTest" time="0.073"/>
  <system-out><![CDATA[]]></system-out>
  <system-err><![CDATA[]]></system-err>
</testsuite>
